<?xml version="1.0" encoding="UTF-8"?>
<!-- Generated by org.testng.reporters.JUnitXMLReporter -->
<testsuite hostname="Lenovo" ignored="0" name="Test" tests="7" failures="0" timestamp="2021-11-25T22:29:54 IST" time="28.834" errors="0">
  <testcase name="invokeUrl" time="7.607" classname="com.testNg.TestNgRunner"/>
  <testcase name="loginPage" time="7.849" classname="com.testNg.TestNgRunner"/>
  <testcase name="searchHotel" time="2.898" classname="com.testNg.TestNgRunner"/>
  <testcase name="confirmHotel" time="0.996" classname="com.testNg.TestNgRunner"/>
  <testcase name="bookHotel" time="7.475" classname="com.testNg.TestNgRunner"/>
  <testcase name="bookingConfirm" time="1.484" classname="com.testNg.TestNgRunner"/>
  <testcase name="loggermethod" time="0.34" classname="com.testNg.TestNgRunner"/>
</testsuite> <!-- Test -->
